(ARCTools Version 2.1.2)
 HexLoc     DecLoc    MachWord   Label        Instruction                Comment
                                              .org 2048                  
                                              .equ 10                    ! marco como constante el número 10
                                              .equ 100                   ! marco como constante el numero 100
                                                                         
                                                                         ! macro que Implementa push en la pila de ejecucion
                                                                         
                                                                         ! macro que Implementa pop en la pila de ejecucion
                                                                         
                                                                         
00000800  0000002048  8280200a                addcc %r0, 10, %r1         ! inserto en registro r1, la constante s
00000804  0000002052  84802064                addcc %r0, 100, %r2        ! inserto en registro r2, la constante r
00000808  0000002056                          push %r1                   
00000808  0000002056  c2238000                st %r1, %r14               
0000080c  0000002060  9c83bffc                addcc %r14, -4, %r14       
00000810  0000002064                          push %r2                   
00000810  0000002064  c4238000                st %r2, %r14               
00000814  0000002068  9c83bffc                addcc %r14, -4, %r14       
00000818  0000002072                          pop %r7                    
00000818  0000002072  ce038000                ld %r14, %r7               
0000081c  0000002076  9c83a004                addcc %r14, 4, %r14        
00000820  0000002080  ce202834                st %r7, [2100]             
00000824  0000002084                          pop %r8                    
00000824  0000002084  d0038000                ld %r14, %r8               
00000828  0000002088  9c83a004                addcc %r14, 4, %r14        
0000082c  0000002092  d0202830                st %r8, [2096]             
00000830  0000002096  000003e8  y:                                       
00000834  0000002100  00000064  z:                                       

--- Symbol Table ---
s: 100
r: 10
z: 2100
y: 2096
